<?xml version="1.0" encoding="UTF-8"?>
<testsuite name="com.example.capstone.ExampleUnitTest" tests="1" skipped="0" failures="0" errors="0" timestamp="2019-12-06T08:24:03" hostname="andy-HP-EliteBook-840-G1" time="0.004">
  <properties/>
  <testcase name="addition_isCorrect" classname="com.example.capstone.ExampleUnitTest" time="0.004"/>
  <system-out><![CDATA[]]></system-out>
  <system-err><![CDATA[]]></system-err>
</testsuite>
